G:\CODE\数据结构（C）\二叉搜索树\DEBUG\TEST.OBJ
G:\CODE\数据结构（C）\二叉搜索树\DEBUG\VC110.PDB
G:\CODE\数据结构（C）\二叉搜索树\DEBUG\二叉搜索树.ILK
G:\CODE\数据结构（C）\二叉搜索树\DEBUG\二叉搜索树.EXE
G:\CODE\数据结构（C）\二叉搜索树\DEBUG\二叉搜索树.PDB
G:\code\数据结构（c）\二叉搜索树\Debug\test.obj
G:\code\数据结构（c）\二叉搜索树\Debug\二叉搜索树.ilk
G:\code\数据结构（c）\二叉搜索树\Debug\cl.command.1.tlog
G:\code\数据结构（c）\二叉搜索树\Debug\CL.read.1.tlog
G:\code\数据结构（c）\二叉搜索树\Debug\CL.write.1.tlog
G:\code\数据结构（c）\二叉搜索树\Debug\link-cvtres.read.1.tlog
G:\code\数据结构（c）\二叉搜索树\Debug\link-cvtres.write.1.tlog
G:\code\数据结构（c）\二叉搜索树\Debug\link-rc.read.1.tlog
G:\code\数据结构（c）\二叉搜索树\Debug\link-rc.write.1.tlog
G:\code\数据结构（c）\二叉搜索树\Debug\link.command.1.tlog
G:\code\数据结构（c）\二叉搜索树\Debug\link.read.1.tlog
G:\code\数据结构（c）\二叉搜索树\Debug\link.write.1.tlog
G:\code\数据结构（c）\二叉搜索树\Debug\vc110.idb
G:\code\数据结构（c）\二叉搜索树\Debug\vc110.pdb
G:\code\数据结构（c）\二叉搜索树\Debug\二叉搜索树.pdb
G:\code\数据结构（c）\二叉搜索树\Debug\二叉搜索树.exe
